Using pre-set license
Built from '2021.3/release' branch; Version is '2021.3.12f1 (8af3c3e441b1) revision 9106371'; Using compiler version '192829333'; Build Type 'Release'
OS: 'Windows 10  (10.0.19044) 64bit Professional' Language: 'es' Physical Memory: 16334 MB
BatchMode: 1, IsHumanControllingUs: 0, StartBugReporterOnCrash: 0, Is64bit: 1, IsPro: 1

COMMAND LINE ARGUMENTS:
C:\Program Files\Unity\Hub\Editor\2021.3.12f1\Editor\Unity.exe
-adb2
-batchMode
-noUpm
-name
AssetImportWorker0
-projectPath
C:/Users/sense/Verticals/Proyecto2ndo
-logFile
Logs/AssetImportWorker0.log
-srvPort
50971
Successfully changed project path to: C:/Users/sense/Verticals/Proyecto2ndo
C:/Users/sense/Verticals/Proyecto2ndo
[UnityMemory] Configuration Parameters - Can be set up in boot.config
    "memorysetup-bucket-allocator-granularity=16"
    "memorysetup-bucket-allocator-bucket-count=8"
    "memorysetup-bucket-allocator-block-size=33554432"
    "memorysetup-bucket-allocator-block-count=8"
    "memorysetup-main-allocator-block-size=16777216"
    "memorysetup-thread-allocator-block-size=16777216"
    "memorysetup-gfx-main-allocator-block-size=16777216"
    "memorysetup-gfx-thread-allocator-block-size=16777216"
    "memorysetup-cache-allocator-block-size=4194304"
    "memorysetup-typetree-allocator-block-size=2097152"
    "memorysetup-profiler-bucket-allocator-granularity=16"
    "memorysetup-profiler-bucket-allocator-bucket-count=8"
    "memorysetup-profiler-bucket-allocator-block-size=33554432"
    "memorysetup-profiler-bucket-allocator-block-count=8"
    "memorysetup-profiler-allocator-block-size=16777216"
    "memorysetup-profiler-editor-allocator-block-size=1048576"
    "memorysetup-temp-allocator-size-main=16777216"
    "memorysetup-job-temp-allocator-block-size=2097152"
    "memorysetup-job-temp-allocator-block-size-background=1048576"
    "memorysetup-job-temp-allocator-reduction-small-platforms=262144"
    "memorysetup-temp-allocator-size-background-worker=32768"
    "memorysetup-temp-allocator-size-job-worker=262144"
    "memorysetup-temp-allocator-size-preload-manager=33554432"
    "memorysetup-temp-allocator-size-nav-mesh-worker=65536"
    "memorysetup-temp-allocator-size-audio-worker=65536"
    "memorysetup-temp-allocator-size-cloud-worker=32768"
    "memorysetup-temp-allocator-size-gi-baking-worker=262144"
    "memorysetup-temp-allocator-size-gfx=262144"
Refreshing native plugins compatible for Editor in 105.88 ms, found 3 plugins.
Preloading 0 native plugins for Editor in 0.00 ms.
Initialize engine version: 2021.3.12f1 (8af3c3e441b1)
[Subsystems] Discovering subsystems at path C:/Program Files/Unity/Hub/Editor/2021.3.12f1/Editor/Data/Resources/UnitySubsystems
[Subsystems] Discovering subsystems at path C:/Users/sense/Verticals/Proyecto2ndo/Assets
GfxDevice: creating device client; threaded=0; jobified=0
Direct3D:
    Version:  Direct3D 11.0 [level 11.1]
    Renderer: NVIDIA GeForce RTX 2060 (ID=0x1f03)
    Vendor:   NVIDIA
    VRAM:     12075 MB
    Driver:   31.0.15.3179
Initialize mono
Mono path[0] = 'C:/Program Files/Unity/Hub/Editor/2021.3.12f1/Editor/Data/Managed'
Mono path[1] = 'C:/Program Files/Unity/Hub/Editor/2021.3.12f1/Editor/Data/MonoBleedingEdge/lib/mono/unityjit-win32'
Mono config path = 'C:/Program Files/Unity/Hub/Editor/2021.3.12f1/Editor/Data/MonoBleedingEdge/etc'
Using monoOptions --debugger-agent=transport=dt_socket,embedding=1,server=y,suspend=n,address=127.0.0.1:56312
Begin MonoManager ReloadAssembly
Registering precompiled unity dll's ...
Register platform support module: C:/Program Files/Unity/Hub/Editor/2021.3.12f1/Editor/Data/PlaybackEngines/WebGLSupport/UnityEditor.WebGL.Extensions.dll
Register platform support module: C:/Program Files/Unity/Hub/Editor/2021.3.12f1/Editor/Data/PlaybackEngines/WindowsStandaloneSupport/UnityEditor.WindowsStandalone.Extensions.dll
Registered in 0.011462 seconds.
Native extension for WindowsStandalone target not found
Native extension for WebGL target not found
Refreshing native plugins compatible for Editor in 96.62 ms, found 3 plugins.
Preloading 0 native plugins for Editor in 0.00 ms.
Mono: successfully reloaded assembly
- Completed reload, in  0.753 seconds
Domain Reload Profiling:
	ReloadAssembly (753ms)
		BeginReloadAssembly (93ms)
			ExecutionOrderSort (0ms)
			DisableScriptedObjects (0ms)
			BackupInstance (0ms)
			ReleaseScriptingObjects (0ms)
			CreateAndSetChildDomain (1ms)
		EndReloadAssembly (519ms)
			LoadAssemblies (90ms)
			RebuildTransferFunctionScriptingTraits (0ms)
			SetupTypeCache (123ms)
			ReleaseScriptCaches (0ms)
			RebuildScriptCaches (30ms)
			SetupLoadedEditorAssemblies (309ms)
				LogAssemblyErrors (0ms)
				InitializePlatformSupportModulesInManaged (11ms)
				SetLoadedEditorAssemblies (0ms)
				RefreshPlugins (97ms)
				BeforeProcessingInitializeOnLoad (1ms)
				ProcessInitializeOnLoadAttributes (151ms)
				ProcessInitializeOnLoadMethodAttributes (48ms)
				AfterProcessingInitializeOnLoad (0ms)
				EditorAssembliesLoaded (0ms)
			ExecutionOrderSort2 (0ms)
			AwakeInstancesAfterBackupRestoration (0ms)
Platform modules already initialized, skipping
Registering precompiled user dll's ...
Registered in 0.008779 seconds.
Begin MonoManager ReloadAssembly
Symbol file LoadedFromMemory doesn't match image C:\Users\sense\Verticals\Proyecto2ndo\Library\PackageCache\com.unity.visualscripting@1.7.8\Editor\VisualScripting.Core\Dependencies\YamlDotNet\Unity.VisualScripting.YamlDotNet.dll
Symbol file LoadedFromMemory doesn't match image C:\Users\sense\Verticals\Proyecto2ndo\Library\PackageCache\com.unity.visualscripting@1.7.8\Editor\VisualScripting.Core\Dependencies\DotNetZip\Unity.VisualScripting.IonicZip.dll
Native extension for WindowsStandalone target not found
Native extension for WebGL target not found
Refreshing native plugins compatible for Editor in 1.08 ms, found 3 plugins.
Preloading 0 native plugins for Editor in 0.00 ms.
Mono: successfully reloaded assembly
- Completed reload, in  1.274 seconds
Domain Reload Profiling:
	ReloadAssembly (1275ms)
		BeginReloadAssembly (127ms)
			ExecutionOrderSort (0ms)
			DisableScriptedObjects (6ms)
			BackupInstance (0ms)
			ReleaseScriptingObjects (0ms)
			CreateAndSetChildDomain (21ms)
		EndReloadAssembly (1001ms)
			LoadAssemblies (104ms)
			RebuildTransferFunctionScriptingTraits (0ms)
			SetupTypeCache (349ms)
			ReleaseScriptCaches (1ms)
			RebuildScriptCaches (61ms)
			SetupLoadedEditorAssemblies (442ms)
				LogAssemblyErrors (0ms)
				InitializePlatformSupportModulesInManaged (11ms)
				SetLoadedEditorAssemblies (1ms)
				RefreshPlugins (1ms)
				BeforeProcessingInitializeOnLoad (106ms)
				ProcessInitializeOnLoadAttributes (278ms)
				ProcessInitializeOnLoadMethodAttributes (33ms)
				AfterProcessingInitializeOnLoad (11ms)
				EditorAssembliesLoaded (0ms)
			ExecutionOrderSort2 (0ms)
			AwakeInstancesAfterBackupRestoration (6ms)
Platform modules already initialized, skipping
========================================================================
Worker process is ready to serve import requests
Failed to load shader (instanceID 9626, GUID 104cb0e3a7464a3696069ea84b145eee)
Launched and connected shader compiler UnityShaderCompiler.exe after 0.04 seconds
Refreshing native plugins compatible for Editor in 1.31 ms, found 3 plugins.
Preloading 0 native plugins for Editor in 0.00 ms.
Unloading 4039 Unused Serialized files (Serialized files now loaded: 0)
Unloading 46 unused Assets / (1.6 MB). Loaded Objects now: 4487.
Memory consumption went from 161.7 MB to 160.1 MB.
Total: 4.154500 ms (FindLiveObjects: 0.446700 ms CreateObjectMapping: 0.116300 ms MarkObjects: 3.065300 ms  DeleteObjects: 0.525100 ms)

AssetImportParameters requested are different than current active one (requested -> active):
  custom:video-decoder-ogg-theora: a1e56fd34408186e4bbccfd4996cb3dc -> 
  custom:container-muxer-webm: aa71ff27fc2769a1b78a27578f13a17b -> 
  custom:container-demuxer-webm: 4f35f7cbe854078d1ac9338744f61a02 -> 
  custom:video-encoder-webm-vp8: eb34c28f22e8b96e1ab97ce403110664 -> 
  custom:audio-encoder-webm-vorbis: bf7c407c2cedff20999df2af8eb42d56 -> 
  custom:framework-win-MediaFoundation: 216162199b28c13a410421893ffa2e32 -> 
  custom:container-demuxer-ogg: 62fdf1f143b41e24485cea50d1cbac27 -> 
  custom:video-decoder-webm-vp8: 9c59270c3fd7afecdb556c50c9e8de78 -> 
  custom:audio-decoder-ogg-vorbis: bf7c407c2cedff20999df2af8eb42d56 -> 
========================================================================
Received Import Request.
  Time since last request: 268275.637048 seconds.
  path: Assets/Scenes/SampleScene.unity
  artifactKey: Guid(9fc0d4010bbf28b4594072e72b8655ab) Importer(815301076,1909f56bfc062723c751e8b465ee728b)
Start importing Assets/Scenes/SampleScene.unity using Guid(9fc0d4010bbf28b4594072e72b8655ab) Importer(815301076,1909f56bfc062723c751e8b465ee728b)  -> (artifact id: '35e4b8c2ec1ed5e4fd0744b21217d9c4') in 0.016060 seconds 
========================================================================
Received Import Request.
  Time since last request: 8.239910 seconds.
  path: Assets/Scenes/Level2.unity
  artifactKey: Guid(dae81f86f0c171445b5c7e459f862a6d) Importer(815301076,1909f56bfc062723c751e8b465ee728b)
Start importing Assets/Scenes/Level2.unity using Guid(dae81f86f0c171445b5c7e459f862a6d) Importer(815301076,1909f56bfc062723c751e8b465ee728b)  -> (artifact id: '5202f8f65bbaae513b23641959120c50') in 0.007790 seconds 
========================================================================
Received Prepare
Registering precompiled user dll's ...
Registered in 0.006893 seconds.
Begin MonoManager ReloadAssembly
Symbol file LoadedFromMemory doesn't match image C:\Users\sense\Verticals\Proyecto2ndo\Library\PackageCache\com.unity.visualscripting@1.7.8\Editor\VisualScripting.Core\Dependencies\YamlDotNet\Unity.VisualScripting.YamlDotNet.dll
Symbol file LoadedFromMemory doesn't match image C:\Users\sense\Verticals\Proyecto2ndo\Library\PackageCache\com.unity.visualscripting@1.7.8\Editor\VisualScripting.Core\Dependencies\DotNetZip\Unity.VisualScripting.IonicZip.dll
Native extension for WindowsStandalone target not found
Native extension for WebGL target not found
Refreshing native plugins compatible for Editor in 0.68 ms, found 3 plugins.
Preloading 0 native plugins for Editor in 0.00 ms.
Mono: successfully reloaded assembly
- Completed reload, in  1.098 seconds
Domain Reload Profiling:
	ReloadAssembly (1099ms)
		BeginReloadAssembly (148ms)
			ExecutionOrderSort (0ms)
			DisableScriptedObjects (5ms)
			BackupInstance (0ms)
			ReleaseScriptingObjects (0ms)
			CreateAndSetChildDomain (37ms)
		EndReloadAssembly (832ms)
			LoadAssemblies (97ms)
			RebuildTransferFunctionScriptingTraits (0ms)
			SetupTypeCache (266ms)
			ReleaseScriptCaches (1ms)
			RebuildScriptCaches (45ms)
			SetupLoadedEditorAssemblies (384ms)
				LogAssemblyErrors (0ms)
				InitializePlatformSupportModulesInManaged (14ms)
				SetLoadedEditorAssemblies (0ms)
				RefreshPlugins (1ms)
				BeforeProcessingInitializeOnLoad (79ms)
				ProcessInitializeOnLoadAttributes (247ms)
				ProcessInitializeOnLoadMethodAttributes (31ms)
				AfterProcessingInitializeOnLoad (12ms)
				EditorAssembliesLoaded (0ms)
			ExecutionOrderSort2 (0ms)
			AwakeInstancesAfterBackupRestoration (8ms)
Platform modules already initialized, skipping
Failed to load shader (instanceID 9626, GUID 104cb0e3a7464a3696069ea84b145eee)
Refreshing native plugins compatible for Editor in 3.57 ms, found 3 plugins.
Preloading 0 native plugins for Editor in 0.00 ms.
Unloading 3948 Unused Serialized files (Serialized files now loaded: 0)
Unloading 39 unused Assets / (1.6 MB). Loaded Objects now: 4490.
Memory consumption went from 152.7 MB to 151.1 MB.
Total: 4.038000 ms (FindLiveObjects: 0.391700 ms CreateObjectMapping: 0.106500 ms MarkObjects: 3.041100 ms  DeleteObjects: 0.497600 ms)

AssetImportParameters requested are different than current active one (requested -> active):
  custom:video-decoder-ogg-theora: a1e56fd34408186e4bbccfd4996cb3dc -> 
  custom:container-muxer-webm: aa71ff27fc2769a1b78a27578f13a17b -> 
  custom:container-demuxer-webm: 4f35f7cbe854078d1ac9338744f61a02 -> 
  custom:video-encoder-webm-vp8: eb34c28f22e8b96e1ab97ce403110664 -> 
  custom:audio-encoder-webm-vorbis: bf7c407c2cedff20999df2af8eb42d56 -> 
  custom:framework-win-MediaFoundation: 216162199b28c13a410421893ffa2e32 -> 
  custom:container-demuxer-ogg: 62fdf1f143b41e24485cea50d1cbac27 -> 
  custom:video-decoder-webm-vp8: 9c59270c3fd7afecdb556c50c9e8de78 -> 
  custom:audio-decoder-ogg-vorbis: bf7c407c2cedff20999df2af8eb42d56 -> 
========================================================================
Received Import Request.
  Time since last request: 64.391368 seconds.
  path: Assets/#NVJOB Water Shaders V2/#NVJOB Water Shaders V2
  artifactKey: Guid(f6083c3d3e2e4dc9ba0d90e7ad7bb88b) Importer(815301076,1909f56bfc062723c751e8b465ee728b)
Start importing Assets/#NVJOB Water Shaders V2/#NVJOB Water Shaders V2 using Guid(f6083c3d3e2e4dc9ba0d90e7ad7bb88b) Importer(815301076,1909f56bfc062723c751e8b465ee728b)  -> (artifact id: '342d6dc216a2788409bbf158e4b0a2e7') in 0.013791 seconds 
========================================================================
Received Import Request.
  Time since last request: 0.038365 seconds.
  path: Assets/#NVJOB Water Shaders V2/#NVJOB Water Shaders V2/NvWaters.cginc
  artifactKey: Guid(6fe7f708b278472289c5ca0c9bd99002) Importer(815301076,1909f56bfc062723c751e8b465ee728b)
Start importing Assets/#NVJOB Water Shaders V2/#NVJOB Water Shaders V2/NvWaters.cginc using Guid(6fe7f708b278472289c5ca0c9bd99002) Importer(815301076,1909f56bfc062723c751e8b465ee728b)  -> (artifact id: '6a56afc98a5fa94a2b5ed2009083bc32') in 0.036118 seconds 
========================================================================
Received Import Request.
  Time since last request: 2.759485 seconds.
  path: Assets/#NVJOB Water Shaders V2/Examples Water/Prefabs
  artifactKey: Guid(a6a9676dab84481793066ac06b79d651) Importer(815301076,1909f56bfc062723c751e8b465ee728b)
Start importing Assets/#NVJOB Water Shaders V2/Examples Water/Prefabs using Guid(a6a9676dab84481793066ac06b79d651) Importer(815301076,1909f56bfc062723c751e8b465ee728b)  -> (artifact id: '023be51b65f1595edc9b4f9519ae431d') in 0.008184 seconds 
========================================================================
Received Import Request.
  Time since last request: 0.035515 seconds.
  path: Assets/#NVJOB Water Shaders V2/Examples Water/Prefabs/Water Specular Mirror.prefab
  artifactKey: Guid(be3a74ee4c9d4d899462b72a41f62728) Importer(815301076,1909f56bfc062723c751e8b465ee728b)
Start importing Assets/#NVJOB Water Shaders V2/Examples Water/Prefabs/Water Specular Mirror.prefab using Guid(be3a74ee4c9d4d899462b72a41f62728) Importer(815301076,1909f56bfc062723c751e8b465ee728b)  -> (artifact id: '1c5ccbd17ee551f651562a1be0cbfec5') in 0.143259 seconds 
========================================================================
Received Import Request.
  Time since last request: 0.000026 seconds.
  path: Assets/#NVJOB Water Shaders V2/Examples Water/Prefabs/Water Surface.prefab
  artifactKey: Guid(8a8ade231d4e4115a527f463ebb01a8b) Importer(815301076,1909f56bfc062723c751e8b465ee728b)
Start importing Assets/#NVJOB Water Shaders V2/Examples Water/Prefabs/Water Surface.prefab using Guid(8a8ade231d4e4115a527f463ebb01a8b) Importer(815301076,1909f56bfc062723c751e8b465ee728b)  -> (artifact id: '5c863eed913b9936e809abdd82e6c1cb') in 0.420141 seconds 
========================================================================
Received Import Request.
  Time since last request: 30.600364 seconds.
  path: Assets/#NVJOB Water Shaders V2/Examples Water/Prefabs/Water Surface Mirror.prefab
  artifactKey: Guid(28ab203a6204400b853fcf56294ef10b) Importer(815301076,1909f56bfc062723c751e8b465ee728b)
Start importing Assets/#NVJOB Water Shaders V2/Examples Water/Prefabs/Water Surface Mirror.prefab using Guid(28ab203a6204400b853fcf56294ef10b) Importer(815301076,1909f56bfc062723c751e8b465ee728b)  -> (artifact id: 'c84550cb83af39964e77595f51438220') in 0.402572 seconds 
========================================================================
Received Import Request.
  Time since last request: 4.053705 seconds.
  path: Assets/Scenes/Level2.unity
  artifactKey: Guid(dae81f86f0c171445b5c7e459f862a6d) Importer(815301076,1909f56bfc062723c751e8b465ee728b)
Start importing Assets/Scenes/Level2.unity using Guid(dae81f86f0c171445b5c7e459f862a6d) Importer(815301076,1909f56bfc062723c751e8b465ee728b)  -> (artifact id: '78474c491de86dbaa8892b6f43f25a9e') in 0.002381 seconds 
========================================================================
Received Import Request.
  Time since last request: 57.374358 seconds.
  path: Assets/CHARACTER/Ch24_1001_Diffuse.png
  artifactKey: Guid(be568a47896293841b607dd047772ea7) Importer(815301076,1909f56bfc062723c751e8b465ee728b)
Start importing Assets/CHARACTER/Ch24_1001_Diffuse.png using Guid(be568a47896293841b607dd047772ea7) Importer(815301076,1909f56bfc062723c751e8b465ee728b)  -> (artifact id: '406c13a52b2ba0736a71365f4963d3cd') in 0.077215 seconds 
========================================================================
Received Import Request.
  Time since last request: 0.000021 seconds.
  path: Assets/CHARACTER/Ch24_nonPBR@Walking.fbx
  artifactKey: Guid(a9ab74ce742f12e4d9d9634785a1e0c9) Importer(815301076,1909f56bfc062723c751e8b465ee728b)
Start importing Assets/CHARACTER/Ch24_nonPBR@Walking.fbx using Guid(a9ab74ce742f12e4d9d9634785a1e0c9) Importer(815301076,1909f56bfc062723c751e8b465ee728b)  -> (artifact id: 'f1baa80c8884bc57bacd2021cf1af7f0') in 0.026941 seconds 
========================================================================
Received Import Request.
  Time since last request: 0.000019 seconds.
  path: Assets/CHARACTER/Ch24_nonPBR@Jump.fbx
  artifactKey: Guid(99c31b50ce4ee6141ac8a4b96b3c4d82) Importer(815301076,1909f56bfc062723c751e8b465ee728b)
Start importing Assets/CHARACTER/Ch24_nonPBR@Jump.fbx using Guid(99c31b50ce4ee6141ac8a4b96b3c4d82) Importer(815301076,1909f56bfc062723c751e8b465ee728b)  -> (artifact id: 'abc610c0e3a95eaa2550575dd3d783ce') in 0.013584 seconds 
========================================================================
Received Import Request.
  Time since last request: 0.000028 seconds.
  path: Assets/CHARACTER/Ch24_1001_Specular.png
  artifactKey: Guid(674ed7c67cabb204585568f73614e64d) Importer(815301076,1909f56bfc062723c751e8b465ee728b)
Start importing Assets/CHARACTER/Ch24_1001_Specular.png using Guid(674ed7c67cabb204585568f73614e64d) Importer(815301076,1909f56bfc062723c751e8b465ee728b)  -> (artifact id: '2b788f68594dd88697ee91f834652630') in 0.016310 seconds 
Editor requested this worker to shutdown with reason: Scaling down because of idle timeout
AssetImportWorker is now disconnected from the server
Process exiting
Exiting without the bug reporter. Application will terminate with return code 0